<?xml version="1.0" encoding="UTF-8"?>
<testng-results ignored="0" total="2" passed="2" failed="0" skipped="0">
  <reporter-output>
  </reporter-output>
  <suite started-at="2023-04-17T22:50:03 IST" name="Suite" finished-at="2023-04-17T22:50:21 IST" duration-ms="18301">
    <groups>
    </groups>
    <test started-at="2023-04-17T22:50:03 IST" name="Test" finished-at="2023-04-17T22:50:21 IST" duration-ms="18301">
      <class name="com.Test.LetsCode">
        <test-method is-config="true" signature="setExtent()[pri:0, instance:com.Test.LetsCode@be35cd9]" started-at="2023-04-17T22:50:03 IST" name="setExtent" finished-at="2023-04-17T22:50:03 IST" duration-ms="121" status="PASS">
          <reporter-output>
          </reporter-output>
        </test-method> <!-- setExtent -->
        <test-method is-config="true" signature="setup()[pri:0, instance:com.Test.LetsCode@be35cd9]" started-at="2023-04-17T22:50:03 IST" name="setup" finished-at="2023-04-17T22:50:07 IST" duration-ms="4588" status="PASS">
          <reporter-output>
          </reporter-output>
        </test-method> <!-- setup -->
        <test-method signature="Beforelogin()[pri:0, instance:com.Test.LetsCode@be35cd9]" started-at="2023-04-17T22:50:07 IST" name="Beforelogin" finished-at="2023-04-17T22:50:12 IST" duration-ms="5059" status="PASS">
          <reporter-output>
          </reporter-output>
        </test-method> <!-- Beforelogin -->
        <test-method is-config="true" signature="tearDown(org.testng.ITestResult)[pri:0, instance:com.Test.LetsCode@be35cd9]" started-at="2023-04-17T22:50:12 IST" name="tearDown" finished-at="2023-04-17T22:50:13 IST" duration-ms="78" status="PASS">
          <params>
            <param index="0">
              <value>
                <![CDATA[[TestResult name=Beforelogin status=SUCCESS method=LetsCode.Beforelogin()[pri:0, instance:com.Test.LetsCode@be35cd9] output={null}]]]>
              </value>
            </param>
          </params>
          <reporter-output>
          </reporter-output>
        </test-method> <!-- tearDown -->
        <test-method is-config="true" signature="setup()[pri:0, instance:com.Test.LetsCode@be35cd9]" started-at="2023-04-17T22:50:13 IST" name="setup" finished-at="2023-04-17T22:50:16 IST" duration-ms="3153" status="PASS">
          <reporter-output>
          </reporter-output>
        </test-method> <!-- setup -->
        <test-method signature="login()[pri:1, instance:com.Test.LetsCode@be35cd9]" started-at="2023-04-17T22:50:16 IST" name="login" finished-at="2023-04-17T22:50:21 IST" duration-ms="5315" status="PASS">
          <reporter-output>
          </reporter-output>
        </test-method> <!-- login -->
        <test-method is-config="true" signature="tearDown(org.testng.ITestResult)[pri:0, instance:com.Test.LetsCode@be35cd9]" started-at="2023-04-17T22:50:21 IST" name="tearDown" finished-at="2023-04-17T22:50:21 IST" duration-ms="84" status="PASS">
          <params>
            <param index="0">
              <value>
                <![CDATA[[TestResult name=login status=SUCCESS method=LetsCode.login()[pri:1, instance:com.Test.LetsCode@be35cd9] output={null}]]]>
              </value>
            </param>
          </params>
          <reporter-output>
          </reporter-output>
        </test-method> <!-- tearDown -->
        <test-method is-config="true" signature="AfterSuite()[pri:0, instance:com.Test.LetsCode@be35cd9]" started-at="2023-04-17T22:50:21 IST" name="AfterSuite" finished-at="2023-04-17T22:50:21 IST" duration-ms="185" status="PASS">
          <reporter-output>
          </reporter-output>
        </test-method> <!-- AfterSuite -->
      </class> <!-- com.Test.LetsCode -->
    </test> <!-- Test -->
  </suite> <!-- Suite -->
</testng-results>
