<?xml version="1.0" encoding="UTF-8"?>
<!-- Generated by org.testng.reporters.JUnitXMLReporter -->
<testsuite ignored="0" hostname="DESKTOP-NLM9CQ8" failures="1" tests="2" name="Test" time="15.018" errors="0" timestamp="2023-04-17T22:31:45 IST">
  <testcase classname="com.Test.LetsCode" name="Beforelogin" time="5.065"/>
  <testcase classname="com.Test.LetsCode" name="login" time="0.366">
    <failure type="java.lang.AssertionError" message="expected [LetCod with Koushik] but found [LetCode with Koushik]">
      <![CDATA[java.lang.AssertionError: expected [LetCod with Koushik] but found [LetCode with Koushik]
at com.Test.LetsCode.login(LetsCode.java:51)
at java.base/java.util.ArrayList.forEach(ArrayList.java:1511)
... Removed 32 stack frames]]>
    </failure>
  </testcase> <!-- login -->
</testsuite> <!-- Test -->
